<?xml version="1.0" encoding="UTF-8"?>
<!-- Generated by org.testng.reporters.JUnitXMLReporter -->
<testsuite ignored="0" hostname="KHALIQ" failures="0" tests="14" name="Surefire test" time="20.303" errors="0" timestamp="2023-12-02T01:58:29 IST">
  <testcase classname="api.test.DataDrivenTest" name="testPostUser" time="2.968"/>
  <testcase classname="api.test.DataDrivenTest" name="testPostUser" time="1.131"/>
  <testcase classname="api.test.DataDrivenTest" name="testPostUser" time="1.175"/>
  <testcase classname="api.test.DataDrivenTest" name="testGetUserByName" time="1.097"/>
  <testcase classname="api.test.DataDrivenTest" name="testGetUserByName" time="1.128"/>
  <testcase classname="api.test.DataDrivenTest" name="testGetUserByName" time="1.094"/>
  <testcase classname="api.test.DataDrivenTest" name="testDeleteUserByName" time="1.083"/>
  <testcase classname="api.test.DataDrivenTest" name="testDeleteUserByName" time="1.105"/>
  <testcase classname="api.test.DataDrivenTest" name="testDeleteUserByName" time="1.069"/>
  <testcase classname="api.test.UserTest" name="testPostUser" time="1.183"/>
  <testcase classname="api.test.UserTest" name="testGetUserByName" time="1.144"/>
  <testcase classname="api.test.UserTest" name="testUpdateUserByName" time="2.307"/>
  <testcase classname="api.test.UserTest" name="testDeleteUserByName" time="1.074"/>
  <testcase classname="api.test.UserTest" name="testGetUserByNameAfterDeletion" time="1.133"/>
</testsuite> <!-- Surefire test -->
