<?xml version="1.0" encoding="UTF-8"?>
<!-- Generated by org.testng.reporters.JUnitXMLReporter -->
<testsuite ignored="0" hostname="KHALIQ" failures="0" tests="9" name="Default test" time="12.195" errors="0" timestamp="2023-11-29T22:10:28 IST">
  <testcase classname="api.test.DataDrivenTest" name="testPostUser" time="2.526"/>
  <testcase classname="api.test.DataDrivenTest" name="testPostUser" time="1.06"/>
  <testcase classname="api.test.DataDrivenTest" name="testPostUser" time="1.086"/>
  <testcase classname="api.test.DataDrivenTest" name="testGetUserByName" time="1.131"/>
  <testcase classname="api.test.DataDrivenTest" name="testGetUserByName" time="1.072"/>
  <testcase classname="api.test.DataDrivenTest" name="testGetUserByName" time="1.104"/>
  <testcase classname="api.test.DataDrivenTest" name="testDeleteUserByName" time="1.11"/>
  <testcase classname="api.test.DataDrivenTest" name="testDeleteUserByName" time="1.09"/>
  <testcase classname="api.test.DataDrivenTest" name="testDeleteUserByName" time="1.081"/>
</testsuite> <!-- Default test -->
