<?xml version="1.0" encoding="UTF-8"?>
<testsuite xmlns:xsi="http://www.w3.org/2001/XMLSchema-instance" xsi:noNamespaceSchemaLocation="https://maven.apache.org/surefire/maven-surefire-plugin/xsd/surefire-test-report-3.0.xsd" version="3.0" name="TestSuite" time="27.27" tests="19" errors="0" skipped="0" failures="0">
  <properties>
[...]
</properties>
  <testcase name="testPostUser[1010, testuser1, John, Canedy, a@gmail.com, test@1, 1234567891](1)" classname="api.test.DataDrivenTest" time="2.737">
    <system-err><![CDATA[SLF4J: Failed to load class "org.slf4j.impl.StaticLoggerBinder".
SLF4J: Defaulting to no-operation (NOP) logger implementation
SLF4J: See http://www.slf4j.org/codes.html#StaticLoggerBinder for further details.
]]></system-err>
  </testcase>
  <testcase name="testPostUser[1020, testuser2, Kim, Kom, b@gmail.com, test@2, 1234567891](2)" classname="api.test.DataDrivenTest" time="1.145"/>
  <testcase name="testPostUser[1030, testuser3, Smith, Steve, c@gmail.com, test@3, 1234567891](3)" classname="api.test.DataDrivenTest" time="1.141"/>
  <testcase name="testGetUserByName[testuser1](1)" classname="api.test.DataDrivenTest" time="1.127"/>
  <testcase name="testGetUserByName[testuser2](2)" classname="api.test.DataDrivenTest" time="1.11"/>
  <testcase name="testGetUserByName[testuser3](3)" classname="api.test.DataDrivenTest" time="1.1"/>
  <testcase name="testDeleteUserByName[testuser1](1)" classname="api.test.DataDrivenTest" time="1.045"/>
  <testcase name="testDeleteUserByName[testuser2](2)" classname="api.test.DataDrivenTest" time="1.112"/>
  <testcase name="testDeleteUserByName[testuser3](3)" classname="api.test.DataDrivenTest" time="1.058"/>
  <testcase name="testPostUser" classname="api.test.UserTest" time="1.144">
    <system-out><![CDATA[HTTP/1.1 200 OK
Date: Sat, 23 Dec 2023 11:53:16 GMT
Content-Type: application/json
Transfer-Encoding: chunked
Connection: keep-alive
Access-Control-Allow-Origin: *
Access-Control-Allow-Methods: GET, POST, DELETE, PUT
Access-Control-Allow-Headers: Content-Type, api_key, Authorization
Server: Jetty(9.2.9.v20150224)

{
    "code": 200,
    "type": "unknown",
    "message": "1073564434"
}
]]></system-out>
  </testcase>
  <testcase name="testGetUserByName" classname="api.test.UserTest" time="1.065">
    <system-out><![CDATA[HTTP/1.1 200 OK
Date: Sat, 23 Dec 2023 11:53:17 GMT
Content-Type: application/json
Transfer-Encoding: chunked
Connection: keep-alive
Access-Control-Allow-Origin: *
Access-Control-Allow-Methods: GET, POST, DELETE, PUT
Access-Control-Allow-Headers: Content-Type, api_key, Authorization
Server: Jetty(9.2.9.v20150224)

{
    "id": 1073564434,
    "username": "trudie.predovic",
    "firstName": "Tory",
    "lastName": "Christiansen",
    "email": "shad.stanton@gmail.com",
    "password": "2cxe7k",
    "phone": "(495) 777-7405",
    "userStatus": 0
}
]]></system-out>
  </testcase>
  <testcase name="testUpdateUserByName" classname="api.test.UserTest" time="2.252">
    <system-out><![CDATA[{
    "code": 200,
    "type": "unknown",
    "message": "1073564434"
}
]]></system-out>
  </testcase>
  <testcase name="testDeleteUserByName" classname="api.test.UserTest" time="1.095"/>
  <testcase name="testGetUserByNameAfterDeletion" classname="api.test.UserTest" time="1.115">
    <system-out><![CDATA[HTTP/1.1 404 Not Found
Date: Sat, 23 Dec 2023 11:53:22 GMT
Content-Type: application/json
Transfer-Encoding: chunked
Connection: keep-alive
Access-Control-Allow-Origin: *
Access-Control-Allow-Methods: GET, POST, DELETE, PUT
Access-Control-Allow-Headers: Content-Type, api_key, Authorization
Server: Jetty(9.2.9.v20150224)

{
    "code": 1,
    "type": "error",
    "message": "User not found"
}
]]></system-out>
  </testcase>
  <testcase name="testPostUser" classname="api.test.UserTest2" time="1.118">
    <system-out><![CDATA[HTTP/1.1 200 OK
Date: Sat, 23 Dec 2023 11:53:23 GMT
Content-Type: application/json
Transfer-Encoding: chunked
Connection: keep-alive
Access-Control-Allow-Origin: *
Access-Control-Allow-Methods: GET, POST, DELETE, PUT
Access-Control-Allow-Headers: Content-Type, api_key, Authorization
Server: Jetty(9.2.9.v20150224)

{
    "code": 200,
    "type": "unknown",
    "message": "255102480"
}
]]></system-out>
  </testcase>
  <testcase name="testGetUserByName" classname="api.test.UserTest2" time="1.082">
    <system-out><![CDATA[HTTP/1.1 200 OK
Date: Sat, 23 Dec 2023 11:53:24 GMT
Content-Type: application/json
Transfer-Encoding: chunked
Connection: keep-alive
Access-Control-Allow-Origin: *
Access-Control-Allow-Methods: GET, POST, DELETE, PUT
Access-Control-Allow-Headers: Content-Type, api_key, Authorization
Server: Jetty(9.2.9.v20150224)

{
    "id": 255102480,
    "username": "ignacio.ziemann",
    "firstName": "Sidney",
    "lastName": "Purdy",
    "email": "gavin.jacobs@hotmail.com",
    "password": "pyi755",
    "phone": "637.434.3401",
    "userStatus": 0
}
]]></system-out>
  </testcase>
  <testcase name="testUpdateUserByName" classname="api.test.UserTest2" time="2.176">
    <system-out><![CDATA[{
    "code": 200,
    "type": "unknown",
    "message": "255102480"
}
]]></system-out>
  </testcase>
  <testcase name="testDeleteUserByName" classname="api.test.UserTest2" time="1.126"/>
  <testcase name="testGetUserByNameAfterDeletion" classname="api.test.UserTest2" time="1.067">
    <system-out><![CDATA[HTTP/1.1 404 Not Found
Date: Sat, 23 Dec 2023 11:53:28 GMT
Content-Type: application/json
Transfer-Encoding: chunked
Connection: keep-alive
Access-Control-Allow-Origin: *
Access-Control-Allow-Methods: GET, POST, DELETE, PUT
Access-Control-Allow-Headers: Content-Type, api_key, Authorization
Server: Jetty(9.2.9.v20150224)

{
    "code": 1,
    "type": "error",
    "message": "User not found"
}
]]></system-out>
  </testcase>
</testsuite>