<?xml version="1.0" encoding="UTF-8"?>
<testng-results ignored="0" total="19" passed="19" failed="0" skipped="0">
  <reporter-output>
  </reporter-output>
  <suite started-at="2023-12-02T02:15:16 IST" name="PetSuite" finished-at="2023-12-02T02:15:44 IST" duration-ms="28124">
    <groups>
    </groups>
    <test started-at="2023-12-02T02:15:16 IST" name="FirstTest" finished-at="2023-12-02T02:15:44 IST" duration-ms="28124">
      <class name="api.test.UserTest">
        <test-method is-config="true" signature="setup()[pri:0, instance:api.test.UserTest@5e82df6a]" started-at="2023-12-02T02:15:30 IST" name="setup" finished-at="2023-12-02T02:15:31 IST" duration-ms="590" status="PASS">
          <reporter-output>
          </reporter-output>
        </test-method> <!-- setup -->
        <test-method signature="testPostUser()[pri:1, instance:api.test.UserTest@5e82df6a]" started-at="2023-12-02T02:15:31 IST" name="testPostUser" finished-at="2023-12-02T02:15:32 IST" duration-ms="1185" status="PASS">
          <reporter-output>
          </reporter-output>
        </test-method> <!-- testPostUser -->
        <test-method signature="testGetUserByName()[pri:2, instance:api.test.UserTest@5e82df6a]" started-at="2023-12-02T02:15:32 IST" name="testGetUserByName" finished-at="2023-12-02T02:15:33 IST" duration-ms="1109" status="PASS">
          <reporter-output>
          </reporter-output>
        </test-method> <!-- testGetUserByName -->
        <test-method signature="testUpdateUserByName()[pri:3, instance:api.test.UserTest@5e82df6a]" started-at="2023-12-02T02:15:33 IST" name="testUpdateUserByName" finished-at="2023-12-02T02:15:35 IST" duration-ms="2268" status="PASS">
          <reporter-output>
          </reporter-output>
        </test-method> <!-- testUpdateUserByName -->
        <test-method signature="testDeleteUserByName()[pri:4, instance:api.test.UserTest@5e82df6a]" started-at="2023-12-02T02:15:35 IST" name="testDeleteUserByName" finished-at="2023-12-02T02:15:36 IST" duration-ms="1132" status="PASS">
          <reporter-output>
          </reporter-output>
        </test-method> <!-- testDeleteUserByName -->
        <test-method signature="testGetUserByNameAfterDeletion()[pri:5, instance:api.test.UserTest@5e82df6a]" started-at="2023-12-02T02:15:36 IST" name="testGetUserByNameAfterDeletion" finished-at="2023-12-02T02:15:37 IST" duration-ms="1138" status="PASS">
          <reporter-output>
          </reporter-output>
        </test-method> <!-- testGetUserByNameAfterDeletion -->
      </class> <!-- api.test.UserTest -->
      <class name="api.test.DataDrivenTest">
        <test-method signature="testPostUser(java.lang.String,java.lang.String,java.lang.String,java.lang.String,java.lang.String,java.lang.String,java.lang.String)[pri:1, instance:api.test.DataDrivenTest@5223e5ee]" started-at="2023-12-02T02:15:17 IST" name="testPostUser" data-provider="Data" finished-at="2023-12-02T02:15:20 IST" duration-ms="2755" status="PASS">
          <params>
            <param index="0">
              <value>
                <![CDATA[1010]]>
              </value>
            </param>
            <param index="1">
              <value>
                <![CDATA[testuser1]]>
              </value>
            </param>
            <param index="2">
              <value>
                <![CDATA[John]]>
              </value>
            </param>
            <param index="3">
              <value>
                <![CDATA[Canedy]]>
              </value>
            </param>
            <param index="4">
              <value>
                <![CDATA[a@gmail.com]]>
              </value>
            </param>
            <param index="5">
              <value>
                <![CDATA[test@1]]>
              </value>
            </param>
            <param index="6">
              <value>
                <![CDATA[1234567891]]>
              </value>
            </param>
          </params>
          <reporter-output>
          </reporter-output>
        </test-method> <!-- testPostUser -->
        <test-method signature="testPostUser(java.lang.String,java.lang.String,java.lang.String,java.lang.String,java.lang.String,java.lang.String,java.lang.String)[pri:1, instance:api.test.DataDrivenTest@5223e5ee]" started-at="2023-12-02T02:15:20 IST" name="testPostUser" data-provider="Data" finished-at="2023-12-02T02:15:22 IST" duration-ms="1875" status="PASS">
          <params>
            <param index="0">
              <value>
                <![CDATA[1020]]>
              </value>
            </param>
            <param index="1">
              <value>
                <![CDATA[testuser2]]>
              </value>
            </param>
            <param index="2">
              <value>
                <![CDATA[Kim]]>
              </value>
            </param>
            <param index="3">
              <value>
                <![CDATA[Kom]]>
              </value>
            </param>
            <param index="4">
              <value>
                <![CDATA[b@gmail.com]]>
              </value>
            </param>
            <param index="5">
              <value>
                <![CDATA[test@2]]>
              </value>
            </param>
            <param index="6">
              <value>
                <![CDATA[1234567891]]>
              </value>
            </param>
          </params>
          <reporter-output>
          </reporter-output>
        </test-method> <!-- testPostUser -->
        <test-method signature="testPostUser(java.lang.String,java.lang.String,java.lang.String,java.lang.String,java.lang.String,java.lang.String,java.lang.String)[pri:1, instance:api.test.DataDrivenTest@5223e5ee]" started-at="2023-12-02T02:15:22 IST" name="testPostUser" data-provider="Data" finished-at="2023-12-02T02:15:23 IST" duration-ms="1228" status="PASS">
          <params>
            <param index="0">
              <value>
                <![CDATA[1030]]>
              </value>
            </param>
            <param index="1">
              <value>
                <![CDATA[testuser3]]>
              </value>
            </param>
            <param index="2">
              <value>
                <![CDATA[Smith]]>
              </value>
            </param>
            <param index="3">
              <value>
                <![CDATA[Steve]]>
              </value>
            </param>
            <param index="4">
              <value>
                <![CDATA[c@gmail.com]]>
              </value>
            </param>
            <param index="5">
              <value>
                <![CDATA[test@3]]>
              </value>
            </param>
            <param index="6">
              <value>
                <![CDATA[1234567891]]>
              </value>
            </param>
          </params>
          <reporter-output>
          </reporter-output>
        </test-method> <!-- testPostUser -->
        <test-method signature="testGetUserByName(java.lang.String)[pri:2, instance:api.test.DataDrivenTest@5223e5ee]" started-at="2023-12-02T02:15:23 IST" name="testGetUserByName" data-provider="UserNames" finished-at="2023-12-02T02:15:24 IST" duration-ms="1242" status="PASS">
          <params>
            <param index="0">
              <value>
                <![CDATA[testuser1]]>
              </value>
            </param>
          </params>
          <reporter-output>
          </reporter-output>
        </test-method> <!-- testGetUserByName -->
        <test-method signature="testGetUserByName(java.lang.String)[pri:2, instance:api.test.DataDrivenTest@5223e5ee]" started-at="2023-12-02T02:15:24 IST" name="testGetUserByName" data-provider="UserNames" finished-at="2023-12-02T02:15:25 IST" duration-ms="1054" status="PASS">
          <params>
            <param index="0">
              <value>
                <![CDATA[testuser2]]>
              </value>
            </param>
          </params>
          <reporter-output>
          </reporter-output>
        </test-method> <!-- testGetUserByName -->
        <test-method signature="testGetUserByName(java.lang.String)[pri:2, instance:api.test.DataDrivenTest@5223e5ee]" started-at="2023-12-02T02:15:25 IST" name="testGetUserByName" data-provider="UserNames" finished-at="2023-12-02T02:15:27 IST" duration-ms="1109" status="PASS">
          <params>
            <param index="0">
              <value>
                <![CDATA[testuser3]]>
              </value>
            </param>
          </params>
          <reporter-output>
          </reporter-output>
        </test-method> <!-- testGetUserByName -->
        <test-method signature="testDeleteUserByName(java.lang.String)[pri:3, instance:api.test.DataDrivenTest@5223e5ee]" started-at="2023-12-02T02:15:27 IST" name="testDeleteUserByName" data-provider="UserNames" finished-at="2023-12-02T02:15:28 IST" duration-ms="1100" status="PASS">
          <params>
            <param index="0">
              <value>
                <![CDATA[testuser1]]>
              </value>
            </param>
          </params>
          <reporter-output>
          </reporter-output>
        </test-method> <!-- testDeleteUserByName -->
        <test-method signature="testDeleteUserByName(java.lang.String)[pri:3, instance:api.test.DataDrivenTest@5223e5ee]" started-at="2023-12-02T02:15:28 IST" name="testDeleteUserByName" data-provider="UserNames" finished-at="2023-12-02T02:15:29 IST" duration-ms="1181" status="PASS">
          <params>
            <param index="0">
              <value>
                <![CDATA[testuser2]]>
              </value>
            </param>
          </params>
          <reporter-output>
          </reporter-output>
        </test-method> <!-- testDeleteUserByName -->
        <test-method signature="testDeleteUserByName(java.lang.String)[pri:3, instance:api.test.DataDrivenTest@5223e5ee]" started-at="2023-12-02T02:15:29 IST" name="testDeleteUserByName" data-provider="UserNames" finished-at="2023-12-02T02:15:30 IST" duration-ms="1136" status="PASS">
          <params>
            <param index="0">
              <value>
                <![CDATA[testuser3]]>
              </value>
            </param>
          </params>
          <reporter-output>
          </reporter-output>
        </test-method> <!-- testDeleteUserByName -->
      </class> <!-- api.test.DataDrivenTest -->
      <class name="api.test.UserTest2">
        <test-method is-config="true" signature="setup()[pri:0, instance:api.test.UserTest2@3f197a46]" started-at="2023-12-02T02:15:37 IST" name="setup" finished-at="2023-12-02T02:15:37 IST" duration-ms="31" status="PASS">
          <reporter-output>
          </reporter-output>
        </test-method> <!-- setup -->
        <test-method signature="testPostUser()[pri:1, instance:api.test.UserTest2@3f197a46]" started-at="2023-12-02T02:15:37 IST" name="testPostUser" finished-at="2023-12-02T02:15:39 IST" duration-ms="1125" status="PASS">
          <reporter-output>
          </reporter-output>
        </test-method> <!-- testPostUser -->
        <test-method signature="testGetUserByName()[pri:2, instance:api.test.UserTest2@3f197a46]" started-at="2023-12-02T02:15:39 IST" name="testGetUserByName" finished-at="2023-12-02T02:15:40 IST" duration-ms="1073" status="PASS">
          <reporter-output>
          </reporter-output>
        </test-method> <!-- testGetUserByName -->
        <test-method signature="testUpdateUserByName()[pri:3, instance:api.test.UserTest2@3f197a46]" started-at="2023-12-02T02:15:40 IST" name="testUpdateUserByName" finished-at="2023-12-02T02:15:42 IST" duration-ms="2271" status="PASS">
          <reporter-output>
          </reporter-output>
        </test-method> <!-- testUpdateUserByName -->
        <test-method signature="testDeleteUserByName()[pri:4, instance:api.test.UserTest2@3f197a46]" started-at="2023-12-02T02:15:42 IST" name="testDeleteUserByName" finished-at="2023-12-02T02:15:43 IST" duration-ms="1131" status="PASS">
          <reporter-output>
          </reporter-output>
        </test-method> <!-- testDeleteUserByName -->
        <test-method signature="testGetUserByNameAfterDeletion()[pri:5, instance:api.test.UserTest2@3f197a46]" started-at="2023-12-02T02:15:43 IST" name="testGetUserByNameAfterDeletion" finished-at="2023-12-02T02:15:44 IST" duration-ms="1110" status="PASS">
          <reporter-output>
          </reporter-output>
        </test-method> <!-- testGetUserByNameAfterDeletion -->
      </class> <!-- api.test.UserTest2 -->
    </test> <!-- FirstTest -->
  </suite> <!-- PetSuite -->
</testng-results>
