<?xml version="1.0" encoding="UTF-8"?>
<testng-results ignored="0" total="19" passed="19" failed="0" skipped="0">
  <reporter-output>
  </reporter-output>
  <suite started-at="2023-12-23T17:23:01 IST" name="PetSuite" finished-at="2023-12-23T17:23:28 IST" duration-ms="26613">
    <groups>
    </groups>
    <test started-at="2023-12-23T17:23:01 IST" name="FirstTest" finished-at="2023-12-23T17:23:28 IST" duration-ms="26613">
      <class name="api.test.UserTest">
        <test-method is-config="true" signature="setup()[pri:0, instance:api.test.UserTest@1817d444]" started-at="2023-12-23T17:23:14 IST" name="setup" finished-at="2023-12-23T17:23:15 IST" duration-ms="592" status="PASS">
          <reporter-output>
          </reporter-output>
        </test-method> <!-- setup -->
        <test-method signature="testPostUser()[pri:1, instance:api.test.UserTest@1817d444]" started-at="2023-12-23T17:23:15 IST" name="testPostUser" finished-at="2023-12-23T17:23:16 IST" duration-ms="1129" status="PASS">
          <reporter-output>
          </reporter-output>
        </test-method> <!-- testPostUser -->
        <test-method signature="testGetUserByName()[pri:2, instance:api.test.UserTest@1817d444]" started-at="2023-12-23T17:23:16 IST" name="testGetUserByName" finished-at="2023-12-23T17:23:17 IST" duration-ms="1065" status="PASS">
          <reporter-output>
          </reporter-output>
        </test-method> <!-- testGetUserByName -->
        <test-method signature="testUpdateUserByName()[pri:3, instance:api.test.UserTest@1817d444]" started-at="2023-12-23T17:23:17 IST" name="testUpdateUserByName" finished-at="2023-12-23T17:23:19 IST" duration-ms="2252" status="PASS">
          <reporter-output>
          </reporter-output>
        </test-method> <!-- testUpdateUserByName -->
        <test-method signature="testDeleteUserByName()[pri:4, instance:api.test.UserTest@1817d444]" started-at="2023-12-23T17:23:19 IST" name="testDeleteUserByName" finished-at="2023-12-23T17:23:20 IST" duration-ms="1095" status="PASS">
          <reporter-output>
          </reporter-output>
        </test-method> <!-- testDeleteUserByName -->
        <test-method signature="testGetUserByNameAfterDeletion()[pri:5, instance:api.test.UserTest@1817d444]" started-at="2023-12-23T17:23:20 IST" name="testGetUserByNameAfterDeletion" finished-at="2023-12-23T17:23:21 IST" duration-ms="1115" status="PASS">
          <reporter-output>
          </reporter-output>
        </test-method> <!-- testGetUserByNameAfterDeletion -->
      </class> <!-- api.test.UserTest -->
      <class name="api.test.DataDrivenTest">
        <test-method signature="testPostUser(java.lang.String,java.lang.String,java.lang.String,java.lang.String,java.lang.String,java.lang.String,java.lang.String)[pri:1, instance:api.test.DataDrivenTest@6fe7aac8]" started-at="2023-12-23T17:23:02 IST" name="testPostUser" data-provider="Data" finished-at="2023-12-23T17:23:05 IST" duration-ms="2727" status="PASS">
          <params>
            <param index="0">
              <value>
                <![CDATA[1010]]>
              </value>
            </param>
            <param index="1">
              <value>
                <![CDATA[testuser1]]>
              </value>
            </param>
            <param index="2">
              <value>
                <![CDATA[John]]>
              </value>
            </param>
            <param index="3">
              <value>
                <![CDATA[Canedy]]>
              </value>
            </param>
            <param index="4">
              <value>
                <![CDATA[a@gmail.com]]>
              </value>
            </param>
            <param index="5">
              <value>
                <![CDATA[test@1]]>
              </value>
            </param>
            <param index="6">
              <value>
                <![CDATA[1234567891]]>
              </value>
            </param>
          </params>
          <reporter-output>
          </reporter-output>
        </test-method> <!-- testPostUser -->
        <test-method signature="testPostUser(java.lang.String,java.lang.String,java.lang.String,java.lang.String,java.lang.String,java.lang.String,java.lang.String)[pri:1, instance:api.test.DataDrivenTest@6fe7aac8]" started-at="2023-12-23T17:23:05 IST" name="testPostUser" data-provider="Data" finished-at="2023-12-23T17:23:06 IST" duration-ms="1145" status="PASS">
          <params>
            <param index="0">
              <value>
                <![CDATA[1020]]>
              </value>
            </param>
            <param index="1">
              <value>
                <![CDATA[testuser2]]>
              </value>
            </param>
            <param index="2">
              <value>
                <![CDATA[Kim]]>
              </value>
            </param>
            <param index="3">
              <value>
                <![CDATA[Kom]]>
              </value>
            </param>
            <param index="4">
              <value>
                <![CDATA[b@gmail.com]]>
              </value>
            </param>
            <param index="5">
              <value>
                <![CDATA[test@2]]>
              </value>
            </param>
            <param index="6">
              <value>
                <![CDATA[1234567891]]>
              </value>
            </param>
          </params>
          <reporter-output>
          </reporter-output>
        </test-method> <!-- testPostUser -->
        <test-method signature="testPostUser(java.lang.String,java.lang.String,java.lang.String,java.lang.String,java.lang.String,java.lang.String,java.lang.String)[pri:1, instance:api.test.DataDrivenTest@6fe7aac8]" started-at="2023-12-23T17:23:06 IST" name="testPostUser" data-provider="Data" finished-at="2023-12-23T17:23:07 IST" duration-ms="1141" status="PASS">
          <params>
            <param index="0">
              <value>
                <![CDATA[1030]]>
              </value>
            </param>
            <param index="1">
              <value>
                <![CDATA[testuser3]]>
              </value>
            </param>
            <param index="2">
              <value>
                <![CDATA[Smith]]>
              </value>
            </param>
            <param index="3">
              <value>
                <![CDATA[Steve]]>
              </value>
            </param>
            <param index="4">
              <value>
                <![CDATA[c@gmail.com]]>
              </value>
            </param>
            <param index="5">
              <value>
                <![CDATA[test@3]]>
              </value>
            </param>
            <param index="6">
              <value>
                <![CDATA[1234567891]]>
              </value>
            </param>
          </params>
          <reporter-output>
          </reporter-output>
        </test-method> <!-- testPostUser -->
        <test-method signature="testGetUserByName(java.lang.String)[pri:2, instance:api.test.DataDrivenTest@6fe7aac8]" started-at="2023-12-23T17:23:07 IST" name="testGetUserByName" data-provider="UserNames" finished-at="2023-12-23T17:23:09 IST" duration-ms="1127" status="PASS">
          <params>
            <param index="0">
              <value>
                <![CDATA[testuser1]]>
              </value>
            </param>
          </params>
          <reporter-output>
          </reporter-output>
        </test-method> <!-- testGetUserByName -->
        <test-method signature="testGetUserByName(java.lang.String)[pri:2, instance:api.test.DataDrivenTest@6fe7aac8]" started-at="2023-12-23T17:23:09 IST" name="testGetUserByName" data-provider="UserNames" finished-at="2023-12-23T17:23:10 IST" duration-ms="1106" status="PASS">
          <params>
            <param index="0">
              <value>
                <![CDATA[testuser2]]>
              </value>
            </param>
          </params>
          <reporter-output>
          </reporter-output>
        </test-method> <!-- testGetUserByName -->
        <test-method signature="testGetUserByName(java.lang.String)[pri:2, instance:api.test.DataDrivenTest@6fe7aac8]" started-at="2023-12-23T17:23:10 IST" name="testGetUserByName" data-provider="UserNames" finished-at="2023-12-23T17:23:11 IST" duration-ms="1100" status="PASS">
          <params>
            <param index="0">
              <value>
                <![CDATA[testuser3]]>
              </value>
            </param>
          </params>
          <reporter-output>
          </reporter-output>
        </test-method> <!-- testGetUserByName -->
        <test-method signature="testDeleteUserByName(java.lang.String)[pri:3, instance:api.test.DataDrivenTest@6fe7aac8]" started-at="2023-12-23T17:23:11 IST" name="testDeleteUserByName" data-provider="UserNames" finished-at="2023-12-23T17:23:12 IST" duration-ms="1045" status="PASS">
          <params>
            <param index="0">
              <value>
                <![CDATA[testuser1]]>
              </value>
            </param>
          </params>
          <reporter-output>
          </reporter-output>
        </test-method> <!-- testDeleteUserByName -->
        <test-method signature="testDeleteUserByName(java.lang.String)[pri:3, instance:api.test.DataDrivenTest@6fe7aac8]" started-at="2023-12-23T17:23:12 IST" name="testDeleteUserByName" data-provider="UserNames" finished-at="2023-12-23T17:23:13 IST" duration-ms="1112" status="PASS">
          <params>
            <param index="0">
              <value>
                <![CDATA[testuser2]]>
              </value>
            </param>
          </params>
          <reporter-output>
          </reporter-output>
        </test-method> <!-- testDeleteUserByName -->
        <test-method signature="testDeleteUserByName(java.lang.String)[pri:3, instance:api.test.DataDrivenTest@6fe7aac8]" started-at="2023-12-23T17:23:13 IST" name="testDeleteUserByName" data-provider="UserNames" finished-at="2023-12-23T17:23:14 IST" duration-ms="1058" status="PASS">
          <params>
            <param index="0">
              <value>
                <![CDATA[testuser3]]>
              </value>
            </param>
          </params>
          <reporter-output>
          </reporter-output>
        </test-method> <!-- testDeleteUserByName -->
      </class> <!-- api.test.DataDrivenTest -->
      <class name="api.test.UserTest2">
        <test-method is-config="true" signature="setup()[pri:0, instance:api.test.UserTest2@6ca8564a]" started-at="2023-12-23T17:23:21 IST" name="setup" finished-at="2023-12-23T17:23:21 IST" duration-ms="31" status="PASS">
          <reporter-output>
          </reporter-output>
        </test-method> <!-- setup -->
        <test-method signature="testPostUser()[pri:1, instance:api.test.UserTest2@6ca8564a]" started-at="2023-12-23T17:23:21 IST" name="testPostUser" finished-at="2023-12-23T17:23:22 IST" duration-ms="1118" status="PASS">
          <reporter-output>
          </reporter-output>
        </test-method> <!-- testPostUser -->
        <test-method signature="testGetUserByName()[pri:2, instance:api.test.UserTest2@6ca8564a]" started-at="2023-12-23T17:23:22 IST" name="testGetUserByName" finished-at="2023-12-23T17:23:24 IST" duration-ms="1082" status="PASS">
          <reporter-output>
          </reporter-output>
        </test-method> <!-- testGetUserByName -->
        <test-method signature="testUpdateUserByName()[pri:3, instance:api.test.UserTest2@6ca8564a]" started-at="2023-12-23T17:23:24 IST" name="testUpdateUserByName" finished-at="2023-12-23T17:23:26 IST" duration-ms="2176" status="PASS">
          <reporter-output>
          </reporter-output>
        </test-method> <!-- testUpdateUserByName -->
        <test-method signature="testDeleteUserByName()[pri:4, instance:api.test.UserTest2@6ca8564a]" started-at="2023-12-23T17:23:26 IST" name="testDeleteUserByName" finished-at="2023-12-23T17:23:27 IST" duration-ms="1126" status="PASS">
          <reporter-output>
          </reporter-output>
        </test-method> <!-- testDeleteUserByName -->
        <test-method signature="testGetUserByNameAfterDeletion()[pri:5, instance:api.test.UserTest2@6ca8564a]" started-at="2023-12-23T17:23:27 IST" name="testGetUserByNameAfterDeletion" finished-at="2023-12-23T17:23:28 IST" duration-ms="1067" status="PASS">
          <reporter-output>
          </reporter-output>
        </test-method> <!-- testGetUserByNameAfterDeletion -->
      </class> <!-- api.test.UserTest2 -->
    </test> <!-- FirstTest -->
  </suite> <!-- PetSuite -->
</testng-results>
