<?xml version="1.0" encoding="UTF-8"?>
<!-- Generated by org.testng.reporters.JUnitXMLReporter -->
<testsuite ignored="0" hostname="KHALIQ" failures="0" tests="19" name="FirstTest" time="26.613" errors="0" timestamp="2023-12-23T17:23:28 IST">
  <testcase classname="api.test.DataDrivenTest" name="testPostUser" time="2.727"/>
  <testcase classname="api.test.DataDrivenTest" name="testPostUser" time="1.145"/>
  <testcase classname="api.test.DataDrivenTest" name="testPostUser" time="1.141"/>
  <testcase classname="api.test.DataDrivenTest" name="testGetUserByName" time="1.127"/>
  <testcase classname="api.test.DataDrivenTest" name="testGetUserByName" time="1.106"/>
  <testcase classname="api.test.DataDrivenTest" name="testGetUserByName" time="1.1"/>
  <testcase classname="api.test.DataDrivenTest" name="testDeleteUserByName" time="1.045"/>
  <testcase classname="api.test.DataDrivenTest" name="testDeleteUserByName" time="1.112"/>
  <testcase classname="api.test.DataDrivenTest" name="testDeleteUserByName" time="1.058"/>
  <testcase classname="api.test.UserTest" name="testPostUser" time="1.129"/>
  <testcase classname="api.test.UserTest" name="testGetUserByName" time="1.065"/>
  <testcase classname="api.test.UserTest" name="testUpdateUserByName" time="2.252"/>
  <testcase classname="api.test.UserTest" name="testDeleteUserByName" time="1.095"/>
  <testcase classname="api.test.UserTest" name="testGetUserByNameAfterDeletion" time="1.115"/>
  <testcase classname="api.test.UserTest2" name="testPostUser" time="1.118"/>
  <testcase classname="api.test.UserTest2" name="testGetUserByName" time="1.082"/>
  <testcase classname="api.test.UserTest2" name="testUpdateUserByName" time="2.176"/>
  <testcase classname="api.test.UserTest2" name="testDeleteUserByName" time="1.126"/>
  <testcase classname="api.test.UserTest2" name="testGetUserByNameAfterDeletion" time="1.067"/>
</testsuite> <!-- FirstTest -->
