<?xml version="1.0" encoding="UTF-8"?>
<!-- Generated by org.testng.reporters.JUnitXMLReporter -->
<testsuite ignored="0" hostname="KHALIQ" failures="0" tests="19" name="FirstTest" time="28.124" errors="0" timestamp="2023-12-02T02:15:44 IST">
  <testcase classname="api.test.DataDrivenTest" name="testPostUser" time="2.755"/>
  <testcase classname="api.test.DataDrivenTest" name="testPostUser" time="1.875"/>
  <testcase classname="api.test.DataDrivenTest" name="testPostUser" time="1.228"/>
  <testcase classname="api.test.DataDrivenTest" name="testGetUserByName" time="1.242"/>
  <testcase classname="api.test.DataDrivenTest" name="testGetUserByName" time="1.054"/>
  <testcase classname="api.test.DataDrivenTest" name="testGetUserByName" time="1.109"/>
  <testcase classname="api.test.DataDrivenTest" name="testDeleteUserByName" time="1.1"/>
  <testcase classname="api.test.DataDrivenTest" name="testDeleteUserByName" time="1.181"/>
  <testcase classname="api.test.DataDrivenTest" name="testDeleteUserByName" time="1.136"/>
  <testcase classname="api.test.UserTest" name="testPostUser" time="1.185"/>
  <testcase classname="api.test.UserTest" name="testGetUserByName" time="1.109"/>
  <testcase classname="api.test.UserTest" name="testUpdateUserByName" time="2.268"/>
  <testcase classname="api.test.UserTest" name="testDeleteUserByName" time="1.132"/>
  <testcase classname="api.test.UserTest" name="testGetUserByNameAfterDeletion" time="1.138"/>
  <testcase classname="api.test.UserTest2" name="testPostUser" time="1.125"/>
  <testcase classname="api.test.UserTest2" name="testGetUserByName" time="1.073"/>
  <testcase classname="api.test.UserTest2" name="testUpdateUserByName" time="2.271"/>
  <testcase classname="api.test.UserTest2" name="testDeleteUserByName" time="1.131"/>
  <testcase classname="api.test.UserTest2" name="testGetUserByNameAfterDeletion" time="1.11"/>
</testsuite> <!-- FirstTest -->
