<?xml version="1.0" encoding="UTF-8"?>
<!-- Generated by org.testng.reporters.JUnitXMLReporter -->
<testsuite ignored="0" hostname="KHALIQ" failures="0" tests="14" name="FirstTest" time="19.667" errors="0" timestamp="2023-11-30T00:01:27 IST">
  <testcase classname="api.test.DataDrivenTest" name="testPostUser" time="2.595"/>
  <testcase classname="api.test.DataDrivenTest" name="testPostUser" time="1.155"/>
  <testcase classname="api.test.DataDrivenTest" name="testPostUser" time="1.077"/>
  <testcase classname="api.test.DataDrivenTest" name="testGetUserByName" time="1.088"/>
  <testcase classname="api.test.DataDrivenTest" name="testGetUserByName" time="1.143"/>
  <testcase classname="api.test.DataDrivenTest" name="testGetUserByName" time="1.092"/>
  <testcase classname="api.test.DataDrivenTest" name="testDeleteUserByName" time="1.118"/>
  <testcase classname="api.test.DataDrivenTest" name="testDeleteUserByName" time="1.1"/>
  <testcase classname="api.test.DataDrivenTest" name="testDeleteUserByName" time="1.056"/>
  <testcase classname="api.test.UserTest" name="testPostUser" time="1.144"/>
  <testcase classname="api.test.UserTest" name="testGetUserByName" time="1.064"/>
  <testcase classname="api.test.UserTest" name="testUpdateUserByName" time="2.188"/>
  <testcase classname="api.test.UserTest" name="testDeleteUserByName" time="1.073"/>
  <testcase classname="api.test.UserTest" name="testGetUserByNameAfterDeletion" time="1.119"/>
</testsuite> <!-- FirstTest -->
