<?xml version="1.0" encoding="UTF-8"?>
<!-- Generated by org.testng.reporters.JUnitXMLReporter -->
<testsuite ignored="0" hostname="KHALIQ" failures="0" tests="14" name="FirstTest" time="19.496" errors="0" timestamp="2023-11-30T01:14:24 IST">
  <testcase classname="api.test.DataDrivenTest" name="testPostUser" time="2.477"/>
  <testcase classname="api.test.DataDrivenTest" name="testPostUser" time="1.158"/>
  <testcase classname="api.test.DataDrivenTest" name="testPostUser" time="1.101"/>
  <testcase classname="api.test.DataDrivenTest" name="testGetUserByName" time="1.115"/>
  <testcase classname="api.test.DataDrivenTest" name="testGetUserByName" time="1.127"/>
  <testcase classname="api.test.DataDrivenTest" name="testGetUserByName" time="1.12"/>
  <testcase classname="api.test.DataDrivenTest" name="testDeleteUserByName" time="1.137"/>
  <testcase classname="api.test.DataDrivenTest" name="testDeleteUserByName" time="1.059"/>
  <testcase classname="api.test.DataDrivenTest" name="testDeleteUserByName" time="1.083"/>
  <testcase classname="api.test.UserTest" name="testPostUser" time="1.135"/>
  <testcase classname="api.test.UserTest" name="testGetUserByName" time="1.045"/>
  <testcase classname="api.test.UserTest" name="testUpdateUserByName" time="2.148"/>
  <testcase classname="api.test.UserTest" name="testDeleteUserByName" time="1.113"/>
  <testcase classname="api.test.UserTest" name="testGetUserByNameAfterDeletion" time="1.063"/>
</testsuite> <!-- FirstTest -->
